2025-06-06 16:39:57,811 INFO o.a.j.u.JMeterUtils: Setting Locale to es_ES
2025-06-06 16:39:57,827 INFO o.a.j.u.JMeterUtils: Could not find resources for 'es_ES', using 'es'
2025-06-06 16:39:57,827 INFO o.a.j.JMeter: Loading user properties from: /var/lib/jenkins/workspace/CP1-B-1/apache-jmeter-5.6.3/bin/user.properties
2025-06-06 16:39:57,827 INFO o.a.j.JMeter: Loading system properties from: /var/lib/jenkins/workspace/CP1-B-1/apache-jmeter-5.6.3/bin/system.properties
2025-06-06 16:39:57,831 INFO o.a.j.JMeter: Copyright (c) 1998-2024 The Apache Software Foundation
2025-06-06 16:39:57,831 INFO o.a.j.JMeter: Version 5.6.3
2025-06-06 16:39:57,831 INFO o.a.j.JMeter: java.version=17.0.15
2025-06-06 16:39:57,831 INFO o.a.j.JMeter: java.vm.name=OpenJDK 64-Bit Server VM
2025-06-06 16:39:57,831 INFO o.a.j.JMeter: os.name=Linux
2025-06-06 16:39:57,831 INFO o.a.j.JMeter: os.arch=aarch64
2025-06-06 16:39:57,832 INFO o.a.j.JMeter: os.version=6.14.5-100.fc40.aarch64
2025-06-06 16:39:57,832 INFO o.a.j.JMeter: file.encoding=UTF-8
2025-06-06 16:39:57,832 INFO o.a.j.JMeter: java.awt.headless=true
2025-06-06 16:39:57,832 INFO o.a.j.JMeter: Max memory     =1021313024
2025-06-06 16:39:57,832 INFO o.a.j.JMeter: Available Processors =4
2025-06-06 16:39:57,842 INFO o.a.j.JMeter: Default Locale=espa単ol (Espa単a)
2025-06-06 16:39:57,842 INFO o.a.j.JMeter: JMeter  Locale=espa単ol (Espa単a)
2025-06-06 16:39:57,842 INFO o.a.j.JMeter: JMeterHome=/var/lib/jenkins/workspace/CP1-B-1/apache-jmeter-5.6.3
2025-06-06 16:39:57,842 INFO o.a.j.JMeter: user.dir  =/var/lib/jenkins/workspace/CP1-B-1
2025-06-06 16:39:57,843 INFO o.a.j.JMeter: PWD       =/var/lib/jenkins/workspace/CP1-B-1
2025-06-06 16:39:57,843 INFO o.a.j.JMeter: IP: 192.168.1.232 Name: fedora-linux-40 FullName: fedora-linux-40
2025-06-06 16:39:57,859 INFO o.a.j.s.FileServer: Default base='/var/lib/jenkins/workspace/CP1-B-1'
2025-06-06 16:39:57,860 INFO o.a.j.s.FileServer: Set new base='/var/lib/jenkins/workspace/CP1-B-1'
2025-06-06 16:39:57,968 INFO o.a.j.s.SaveService: Testplan (JMX) version: 2.2. Testlog (JTL) version: 2.2
2025-06-06 16:39:57,991 INFO o.a.j.s.SaveService: Using SaveService properties version 5.0
2025-06-06 16:39:57,994 INFO o.a.j.s.SaveService: Using SaveService properties file encoding UTF-8
2025-06-06 16:39:58,001 INFO o.a.j.s.SaveService: Loading file: test-plan.jmx
2025-06-06 16:39:58,040 INFO o.a.j.p.h.s.HTTPSamplerBase: Parser for text/html is org.apache.jmeter.protocol.http.parser.LagartoBasedHtmlParser
2025-06-06 16:39:58,040 INFO o.a.j.p.h.s.HTTPSamplerBase: Parser for application/xhtml+xml is org.apache.jmeter.protocol.http.parser.LagartoBasedHtmlParser
2025-06-06 16:39:58,040 INFO o.a.j.p.h.s.HTTPSamplerBase: Parser for application/xml is org.apache.jmeter.protocol.http.parser.LagartoBasedHtmlParser
2025-06-06 16:39:58,040 INFO o.a.j.p.h.s.HTTPSamplerBase: Parser for text/xml is org.apache.jmeter.protocol.http.parser.LagartoBasedHtmlParser
2025-06-06 16:39:58,040 INFO o.a.j.p.h.s.HTTPSamplerBase: Parser for text/vnd.wap.wml is org.apache.jmeter.protocol.http.parser.RegexpHTMLParser
2025-06-06 16:39:58,040 INFO o.a.j.p.h.s.HTTPSamplerBase: Parser for text/css is org.apache.jmeter.protocol.http.parser.CssParser
2025-06-06 16:39:58,047 INFO o.a.j.JMeter: Creating summariser <summary>
2025-06-06 16:39:58,061 INFO o.a.j.e.StandardJMeterEngine: Running the test!
2025-06-06 16:39:58,062 INFO o.a.j.s.SampleEvent: List of sample_variables: []
2025-06-06 16:39:58,062 INFO o.a.j.s.SampleEvent: List of sample_variables: []
2025-06-06 16:39:58,065 INFO o.a.j.e.u.CompoundVariable: Note: Function class names must contain the string: '.functions.'
2025-06-06 16:39:58,065 INFO o.a.j.e.u.CompoundVariable: Note: Function class names must not contain the string: '.gui.'
2025-06-06 16:39:58,113 INFO o.a.j.JMeter: Test lanzado (1749220798113)
2025-06-06 16:39:58,124 INFO o.a.j.e.StandardJMeterEngine: Starting ThreadGroup: 1 : Usuarios
2025-06-06 16:39:58,124 INFO o.a.j.e.StandardJMeterEngine: Starting 5 threads for group Usuarios.
2025-06-06 16:39:58,124 INFO o.a.j.e.StandardJMeterEngine: Thread will continue on error
2025-06-06 16:39:58,124 INFO o.a.j.t.ThreadGroup: Starting thread group... number=1 threads=5 ramp-up=1 delayedStart=false
2025-06-06 16:39:58,129 INFO o.a.j.t.JMeterThread: Thread started: Usuarios 1-1
2025-06-06 16:39:58,132 INFO o.a.j.t.ThreadGroup: Started thread group number 1
2025-06-06 16:39:58,132 INFO o.a.j.e.StandardJMeterEngine: All thread groups have been started
2025-06-06 16:39:58,145 INFO o.a.j.p.h.s.HTTPHCAbstractImpl: Local host = fedora-linux-40
2025-06-06 16:39:58,151 INFO o.a.j.p.h.s.HTTPHC4Impl: HTTP request retry count = 0
2025-06-06 16:39:58,152 INFO o.a.j.s.SampleResult: Note: Sample TimeStamps are START times
2025-06-06 16:39:58,152 INFO o.a.j.s.SampleResult: sampleresult.default.encoding is set to UTF-8
2025-06-06 16:39:58,152 INFO o.a.j.s.SampleResult: sampleresult.useNanoTime=true
2025-06-06 16:39:58,153 INFO o.a.j.s.SampleResult: sampleresult.nanoThreadSleep=5000
2025-06-06 16:39:58,300 INFO o.a.j.t.JMeterThread: Thread is done: Usuarios 1-1
2025-06-06 16:39:58,300 INFO o.a.j.t.JMeterThread: Thread finished: Usuarios 1-1
2025-06-06 16:39:58,327 INFO o.a.j.t.JMeterThread: Thread started: Usuarios 1-2
2025-06-06 16:39:58,399 INFO o.a.j.t.JMeterThread: Thread is done: Usuarios 1-2
2025-06-06 16:39:58,399 INFO o.a.j.t.JMeterThread: Thread finished: Usuarios 1-2
2025-06-06 16:39:58,525 INFO o.a.j.t.JMeterThread: Thread started: Usuarios 1-3
2025-06-06 16:39:58,592 INFO o.a.j.t.JMeterThread: Thread is done: Usuarios 1-3
2025-06-06 16:39:58,593 INFO o.a.j.t.JMeterThread: Thread finished: Usuarios 1-3
2025-06-06 16:39:58,726 INFO o.a.j.t.JMeterThread: Thread started: Usuarios 1-4
2025-06-06 16:39:58,786 INFO o.a.j.t.JMeterThread: Thread is done: Usuarios 1-4
2025-06-06 16:39:58,786 INFO o.a.j.t.JMeterThread: Thread finished: Usuarios 1-4
2025-06-06 16:39:58,928 INFO o.a.j.t.JMeterThread: Thread started: Usuarios 1-5
2025-06-06 16:39:58,987 INFO o.a.j.t.JMeterThread: Thread is done: Usuarios 1-5
2025-06-06 16:39:58,987 INFO o.a.j.t.JMeterThread: Thread finished: Usuarios 1-5
2025-06-06 16:39:58,988 INFO o.a.j.e.StandardJMeterEngine: Notifying test listeners of end of test
2025-06-06 16:39:58,990 INFO o.a.j.r.Summariser: summary =    400 in 00:00:01 =  457,1/s Avg:     0 Min:     0 Max:    18 Err:     0 (0,00%)
